*** Using Compiler 'V5.06 update 7 (build 960)', folder: 'D:\keil\core\ARM\ARMCC\Bin'
Build target 'NEW_INFANTRY'
compiling gpio.c...
compiling dma.c...
compiling freertos.c...
compiling tim.c...
compiling spi.c...
compiling can.c...
compiling main.c...
compiling bsp_Motor_Encoder.c...
compiling stm32f4xx_hal_timebase_tim.c...
compiling stm32f4xx_hal_msp.c...
compiling usart.c...
compiling stm32f4xx_it.c...
compiling gimbal_task.c...
compiling gimbal_struct_variables.c...
..\ACE-ECF\Algorithm\inc\filter.h(4): error:  #5: cannot open source input file "visual.h": No such file or directory
  #include "visual.h"
..\SYSTEM\gimbal_struct_variables.c: 0 warnings, 1 error
compiling bsp_dr16.c...
compiling can1_receive.c...
..\ACE-ECF\Algorithm\inc\filter.h(4): error:  #5: cannot open source input file "visual.h": No such file or directory
  #include "visual.h"
..\COMMUNICATION\can1_receive.c: 0 warnings, 1 error
compiling filter.c...
..\ACE-ECF\Algorithm\inc\filter.h(4): error:  #5: cannot open source input file "visual.h": No such file or directory
  #include "visual.h"
..\ACE-ECF\Algorithm\src\filter.c: 0 warnings, 1 error
compiling maths.c...
compiling pid.c...
compiling can2_receive.c...
..\ACE-ECF\Algorithm\inc\filter.h(4): error:  #5: cannot open source input file "visual.h": No such file or directory
  #include "visual.h"
..\COMMUNICATION\can2_receive.c: 0 warnings, 1 error
compiling can1_send.c...
..\ACE-ECF\Algorithm\inc\filter.h(4): error:  #5: cannot open source input file "visual.h": No such file or directory
  #include "visual.h"
..\COMMUNICATION\can1_send.c: 0 warnings, 1 error
compiling can2_send.c...
..\ACE-ECF\Algorithm\inc\filter.h(4): error:  #5: cannot open source input file "visual.h": No such file or directory
  #include "visual.h"
..\COMMUNICATION\can2_send.c: 0 warnings, 1 error
compiling Init_Task.c...
..\ACE-ECF\Algorithm\inc\filter.h(4): error:  #5: cannot open source input file "visual.h": No such file or directory
  #include "visual.h"
..\TASK\Init_Task.c: 0 warnings, 1 error
compiling Task_Safe.c...
compiling usb_device.c...
compiling fifo.c...
compiling usbd_desc.c...
compiling usbd_cdc_if.c...
compiling stm32f4xx_hal_pcd_ex.c...
compiling stm32f4xx_hal_pcd.c...
compiling stm32f4xx_ll_usb.c...
compiling usbd_conf.c...
compiling stm32f4xx_hal_rcc.c...
compiling stm32f4xx_hal_flash.c...
compiling stm32f4xx_hal_flash_ramfunc.c...
compiling stm32f4xx_hal_rcc_ex.c...
compiling stm32f4xx_hal_flash_ex.c...
compiling stm32f4xx_hal_gpio.c...
compiling stm32f4xx_hal_dma.c...
compiling stm32f4xx_hal_dma_ex.c...
compiling stm32f4xx_hal_pwr.c...
compiling stm32f4xx_hal_pwr_ex.c...
compiling stm32f4xx_hal_cortex.c...
compiling stm32f4xx_hal_can.c...
compiling stm32f4xx_hal.c...
compiling stm32f4xx_hal_spi.c...
compiling stm32f4xx_hal_exti.c...
compiling list.c...
compiling croutine.c...
compiling event_groups.c...
compiling stream_buffer.c...
compiling queue.c...
compiling tasks.c...
compiling heap_4.c...
compiling timers.c...
compiling stm32f4xx_hal_uart.c...
compiling system_stm32f4xx.c...
compiling stm32f4xx_hal_tim_ex.c...
compiling cmsis_os.c...
compiling port.c...
compiling stm32f4xx_hal_tim.c...
compiling usbd_ctlreq.c...
compiling usbd_cdc.c...
compiling usbd_core.c...
compiling usbd_ioreq.c...
"NEW_INFANTRY\NEW_INFANTRY.axf" - 7 Error(s), 0 Warning(s).
Target not created.
Build Time Elapsed:  00:03:25
